c:\users\damie\source\repos\anti-cheat-helper\anti-cheat helper\x64\debug\vc143.pdb
c:\users\damie\source\repos\anti-cheat-helper\anti-cheat helper\x64\debug\vc143.idb
c:\users\damie\source\repos\anti-cheat-helper\anti-cheat helper\x64\debug\vac3_emulation.obj
c:\users\damie\source\repos\anti-cheat-helper\anti-cheat helper\x64\debug\thread_inspection.obj
c:\users\damie\source\repos\anti-cheat-helper\anti-cheat helper\x64\debug\signature_scanner.obj
c:\users\damie\source\repos\anti-cheat-helper\anti-cheat helper\x64\debug\pe_analysis.obj
c:\users\damie\source\repos\anti-cheat-helper\anti-cheat helper\x64\debug\iat_hook_detector.obj
c:\users\damie\source\repos\anti-cheat-helper\anti-cheat helper\x64\debug\reporting.obj
c:\users\damie\source\repos\anti-cheat-helper\anti-cheat helper\x64\debug\module_utils.obj
c:\users\damie\source\repos\anti-cheat-helper\anti-cheat helper\x64\debug\main.obj
c:\users\damie\source\repos\anti-cheat-helper\anti-cheat helper\x64\debug\hook_detector.obj
c:\users\damie\source\repos\anti-cheat-helper\anti-cheat helper\x64\debug\decoder.obj
c:\users\damie\source\repos\anti-cheat-helper\anti-cheat helper\x64\debug\imgui_widgets.obj
c:\users\damie\source\repos\anti-cheat-helper\anti-cheat helper\x64\debug\imgui_tables.obj
c:\users\damie\source\repos\anti-cheat-helper\anti-cheat helper\x64\debug\imgui_impl_win32.obj
c:\users\damie\source\repos\anti-cheat-helper\anti-cheat helper\x64\debug\imgui_impl_dx11.obj
c:\users\damie\source\repos\anti-cheat-helper\anti-cheat helper\x64\debug\imgui_draw.obj
c:\users\damie\source\repos\anti-cheat-helper\anti-cheat helper\x64\debug\imgui.obj
c:\users\damie\source\repos\anti-cheat-helper\anti-cheat helper\x64\debug\gui.obj
c:\users\damie\source\repos\anti-cheat-helper\anti-cheat helper\x64\debug\anti-cheat helper.ilk
c:\users\damie\source\repos\anti-cheat-helper\x64\debug\anti-cheat helper.pdb
c:\users\damie\source\repos\anti-cheat-helper\anti-cheat helper\x64\debug\anti-che.e0728cdf.tlog\cl.command.1.tlog
c:\users\damie\source\repos\anti-cheat-helper\anti-cheat helper\x64\debug\anti-che.e0728cdf.tlog\cl.items.tlog
c:\users\damie\source\repos\anti-cheat-helper\anti-cheat helper\x64\debug\anti-che.e0728cdf.tlog\cl.read.1.tlog
c:\users\damie\source\repos\anti-cheat-helper\anti-cheat helper\x64\debug\anti-che.e0728cdf.tlog\cl.write.1.tlog
c:\users\damie\source\repos\anti-cheat-helper\anti-cheat helper\x64\debug\anti-che.e0728cdf.tlog\link.37056-cvtres.read.1.tlog
c:\users\damie\source\repos\anti-cheat-helper\anti-cheat helper\x64\debug\anti-che.e0728cdf.tlog\link.37056-cvtres.write.1.tlog
c:\users\damie\source\repos\anti-cheat-helper\anti-cheat helper\x64\debug\anti-che.e0728cdf.tlog\link.37056-rc.read.1.tlog
c:\users\damie\source\repos\anti-cheat-helper\anti-cheat helper\x64\debug\anti-che.e0728cdf.tlog\link.37056-rc.write.1.tlog
c:\users\damie\source\repos\anti-cheat-helper\anti-cheat helper\x64\debug\anti-che.e0728cdf.tlog\link.37056.read.1.tlog
c:\users\damie\source\repos\anti-cheat-helper\anti-cheat helper\x64\debug\anti-che.e0728cdf.tlog\link.37056.read.2.tlog
c:\users\damie\source\repos\anti-cheat-helper\anti-cheat helper\x64\debug\anti-che.e0728cdf.tlog\link.37056.read.3.tlog
c:\users\damie\source\repos\anti-cheat-helper\anti-cheat helper\x64\debug\anti-che.e0728cdf.tlog\link.37056.read.4.tlog
c:\users\damie\source\repos\anti-cheat-helper\anti-cheat helper\x64\debug\anti-che.e0728cdf.tlog\link.37056.write.1.tlog
c:\users\damie\source\repos\anti-cheat-helper\anti-cheat helper\x64\debug\anti-che.e0728cdf.tlog\link.command.1.tlog
c:\users\damie\source\repos\anti-cheat-helper\anti-cheat helper\x64\debug\anti-che.e0728cdf.tlog\link.read.1.tlog
c:\users\damie\source\repos\anti-cheat-helper\anti-cheat helper\x64\debug\anti-che.e0728cdf.tlog\link.secondary.1.tlog
c:\users\damie\source\repos\anti-cheat-helper\anti-cheat helper\x64\debug\anti-che.e0728cdf.tlog\link.write.1.tlog
